<?xml version="1.0" encoding="utf-8"?>
<cms.contentitem>
  <ContentItemContentFolderID>
    <CodeName>Issues-njjf8z8q</CodeName>
    <GUID>db8fc5f0-b14a-48a2-b680-b869457d4da7</GUID>
    <ObjectType>cms.contentfolder</ObjectType>
  </ContentItemContentFolderID>
  <ContentItemContentTypeID>
    <CodeName>NACSMagazine.Issue</CodeName>
    <GUID>354c299c-6b86-4806-9007-0e772f233da0</GUID>
    <ObjectType>cms.contenttype</ObjectType>
  </ContentItemContentTypeID>
  <ContentItemGUID>c7372837-b5f6-412c-8442-489513330f7b</ContentItemGUID>
  <ContentItemIsReusable>True</ContentItemIsReusable>
  <ContentItemIsSecured>False</ContentItemIsSecured>
  <ContentItemName>Test-u0tmgxii</ContentItemName>
</cms.contentitem>